<?xml version="1.0" encoding="UTF-8"?>
<testsuite name="tracker.SampleTest" tests="1" skipped="0" failures="0" errors="0" timestamp="2021-10-25T20:13:51" hostname="ADENISOV" time="0.019">
  <properties/>
  <testcase name="test()" classname="tracker.SampleTest" time="0.019"/>
  <system-out><![CDATA[]]></system-out>
  <system-err><![CDATA[]]></system-err>
</testsuite>
